<?xml version="1.0" encoding="UTF-8"?>
<!-- Generated by org.testng.reporters.JUnitXMLReporter -->
<testsuite ignored="1" hostname="KalaivaniRajaram" failures="0" tests="8" name="Test" time="236.432" errors="0" timestamp="2024-04-30T15:58:03 IST">
  <testcase classname="testScrips.PriorityAndDependsMethosTest" name="Register" time="41.241"/>
  <testcase classname="testScrips.PriorityAndDependsMethosTest" name="Login" time="65.231"/>
  <testcase classname="testScrips.PriorityAndDependsMethosTest" name="AddToCard" time="76.174"/>
  <testcase classname="testScrips.RegisterTest" name="register_001" time="187.164"/>
  <testcase classname="testScrips.RegisterTest" name="register_002" time="212.7"/>
  <testcase classname="testScrips.PriorityAndDependsMethosTest" name="Payment" time="35.47"/>
  <testcase classname="testScrips.BooksLinks" name="Book_001" time="222.439"/>
  <testcase classname="testScrips.PriorityAndDependsMethosTest" name="ConformPayment" time="18.057"/>
  <testcase classname="testScrips.InovocationThreadPoolSize" name="Register" time="0.0">
    <ignored/>
  </testcase> <!-- Register -->
</testsuite> <!-- Test -->
