<?xml version="1.0" encoding="UTF-8"?>
<testng-results ignored="0" total="4" passed="4" failed="0" skipped="0">
  <reporter-output>
  </reporter-output>
  <suite started-at="2024-05-02T16:00:04 IST" name="Default suite" finished-at="2024-05-02T16:02:18 IST" duration-ms="134166">
    <groups>
    </groups>
    <test started-at="2024-05-02T16:00:04 IST" name="Default test" finished-at="2024-05-02T16:02:18 IST" duration-ms="134166">
      <class name="MockTestScript.TestCase008">
        <test-method is-config="true" signature="bs()[pri:0, instance:MockTestScript.TestCase008@738dc9b]" started-at="2024-05-02T16:00:04 IST" name="bs" finished-at="2024-05-02T16:00:04 IST" duration-ms="45" status="PASS">
          <reporter-output>
          </reporter-output>
        </test-method> <!-- bs -->
        <test-method is-config="true" signature="bt()[pri:0, instance:MockTestScript.TestCase008@738dc9b]" started-at="2024-05-02T16:00:04 IST" name="bt" finished-at="2024-05-02T16:00:04 IST" duration-ms="3" status="PASS">
          <reporter-output>
          </reporter-output>
        </test-method> <!-- bt -->
        <test-method is-config="true" signature="lanchBrowser()[pri:0, instance:MockTestScript.TestCase008@738dc9b]" started-at="2024-05-02T16:00:04 IST" name="lanchBrowser" finished-at="2024-05-02T16:00:34 IST" duration-ms="29779" status="PASS">
          <reporter-output>
          </reporter-output>
        </test-method> <!-- lanchBrowser -->
        <test-method is-config="true" signature="login()[pri:0, instance:MockTestScript.TestCase008@738dc9b]" started-at="2024-05-02T16:00:34 IST" name="login" finished-at="2024-05-02T16:00:38 IST" duration-ms="3683" status="PASS">
          <reporter-output>
          </reporter-output>
        </test-method> <!-- login -->
        <test-method signature="TestCase008()[pri:0, instance:MockTestScript.TestCase008@738dc9b]" started-at="2024-05-02T16:00:38 IST" name="TestCase008" finished-at="2024-05-02T16:00:42 IST" duration-ms="4112" status="PASS">
          <reporter-output>
          </reporter-output>
        </test-method> <!-- TestCase008 -->
        <test-method is-config="true" signature="am()[pri:0, instance:MockTestScript.TestCase008@738dc9b]" started-at="2024-05-02T16:00:42 IST" name="am" finished-at="2024-05-02T16:00:42 IST" duration-ms="3" status="PASS">
          <reporter-output>
          </reporter-output>
        </test-method> <!-- am -->
        <test-method is-config="true" signature="closebrowser()[pri:0, instance:MockTestScript.TestCase008@738dc9b]" started-at="2024-05-02T16:00:42 IST" name="closebrowser" finished-at="2024-05-02T16:00:43 IST" duration-ms="603" status="PASS">
          <reporter-output>
          </reporter-output>
        </test-method> <!-- closebrowser -->
        <test-method is-config="true" signature="at()[pri:0, instance:MockTestScript.TestCase008@738dc9b]" started-at="2024-05-02T16:02:18 IST" name="at" finished-at="2024-05-02T16:02:18 IST" duration-ms="1" status="PASS">
          <reporter-output>
          </reporter-output>
        </test-method> <!-- at -->
        <test-method is-config="true" signature="as()[pri:0, instance:MockTestScript.TestCase008@738dc9b]" started-at="2024-05-02T16:02:19 IST" name="as" finished-at="2024-05-02T16:02:19 IST" duration-ms="0" status="PASS">
          <reporter-output>
          </reporter-output>
        </test-method> <!-- as -->
      </class> <!-- MockTestScript.TestCase008 -->
      <class name="MockTestScript.TestCase007">
        <test-method is-config="true" signature="lanchBrowser()[pri:0, instance:MockTestScript.TestCase007@3e27aa33]" started-at="2024-05-02T16:00:43 IST" name="lanchBrowser" finished-at="2024-05-02T16:01:00 IST" duration-ms="17406" status="PASS">
          <reporter-output>
          </reporter-output>
        </test-method> <!-- lanchBrowser -->
        <test-method is-config="true" signature="login()[pri:0, instance:MockTestScript.TestCase007@3e27aa33]" started-at="2024-05-02T16:01:00 IST" name="login" finished-at="2024-05-02T16:01:04 IST" duration-ms="4177" status="PASS">
          <reporter-output>
          </reporter-output>
        </test-method> <!-- login -->
        <test-method signature="TestCase007()[pri:0, instance:MockTestScript.TestCase007@3e27aa33]" started-at="2024-05-02T16:01:04 IST" name="TestCase007" finished-at="2024-05-02T16:01:08 IST" duration-ms="4240" status="PASS">
          <reporter-output>
          </reporter-output>
        </test-method> <!-- TestCase007 -->
        <test-method is-config="true" signature="am()[pri:0, instance:MockTestScript.TestCase007@3e27aa33]" started-at="2024-05-02T16:01:08 IST" name="am" finished-at="2024-05-02T16:01:08 IST" duration-ms="6" status="PASS">
          <reporter-output>
          </reporter-output>
        </test-method> <!-- am -->
        <test-method is-config="true" signature="closebrowser()[pri:0, instance:MockTestScript.TestCase007@3e27aa33]" started-at="2024-05-02T16:01:08 IST" name="closebrowser" finished-at="2024-05-02T16:01:09 IST" duration-ms="593" status="PASS">
          <reporter-output>
          </reporter-output>
        </test-method> <!-- closebrowser -->
      </class> <!-- MockTestScript.TestCase007 -->
      <class name="MockTestScript.TestCase10">
        <test-method is-config="true" signature="lanchBrowser()[pri:0, instance:MockTestScript.TestCase10@2e385cce]" started-at="2024-05-02T16:01:09 IST" name="lanchBrowser" finished-at="2024-05-02T16:01:45 IST" duration-ms="36423" status="PASS">
          <reporter-output>
          </reporter-output>
        </test-method> <!-- lanchBrowser -->
        <test-method is-config="true" signature="login()[pri:0, instance:MockTestScript.TestCase10@2e385cce]" started-at="2024-05-02T16:01:45 IST" name="login" finished-at="2024-05-02T16:01:48 IST" duration-ms="2944" status="PASS">
          <reporter-output>
          </reporter-output>
        </test-method> <!-- login -->
        <test-method signature="TestCase009()[pri:0, instance:MockTestScript.TestCase10@2e385cce]" started-at="2024-05-02T16:01:48 IST" name="TestCase009" finished-at="2024-05-02T16:01:50 IST" duration-ms="1601" status="PASS">
          <reporter-output>
          </reporter-output>
        </test-method> <!-- TestCase009 -->
        <test-method is-config="true" signature="am()[pri:0, instance:MockTestScript.TestCase10@2e385cce]" started-at="2024-05-02T16:01:50 IST" name="am" finished-at="2024-05-02T16:01:50 IST" duration-ms="3" status="PASS">
          <reporter-output>
          </reporter-output>
        </test-method> <!-- am -->
        <test-method is-config="true" signature="closebrowser()[pri:0, instance:MockTestScript.TestCase10@2e385cce]" started-at="2024-05-02T16:01:50 IST" name="closebrowser" finished-at="2024-05-02T16:01:50 IST" duration-ms="1" status="PASS">
          <reporter-output>
          </reporter-output>
        </test-method> <!-- closebrowser -->
      </class> <!-- MockTestScript.TestCase10 -->
      <class name="MockTestScript.TestCase009">
        <test-method is-config="true" signature="lanchBrowser()[pri:0, instance:MockTestScript.TestCase009@2ddc9a9f]" started-at="2024-05-02T16:01:50 IST" name="lanchBrowser" finished-at="2024-05-02T16:01:57 IST" duration-ms="6663" status="PASS">
          <reporter-output>
          </reporter-output>
        </test-method> <!-- lanchBrowser -->
        <test-method is-config="true" signature="login()[pri:0, instance:MockTestScript.TestCase009@2ddc9a9f]" started-at="2024-05-02T16:01:57 IST" name="login" finished-at="2024-05-02T16:02:12 IST" duration-ms="15536" status="PASS">
          <reporter-output>
          </reporter-output>
        </test-method> <!-- login -->
        <test-method signature="TestCase009()[pri:0, instance:MockTestScript.TestCase009@2ddc9a9f]" started-at="2024-05-02T16:02:12 IST" name="TestCase009" finished-at="2024-05-02T16:02:18 IST" duration-ms="6145" status="PASS">
          <reporter-output>
          </reporter-output>
        </test-method> <!-- TestCase009 -->
        <test-method is-config="true" signature="am()[pri:0, instance:MockTestScript.TestCase009@2ddc9a9f]" started-at="2024-05-02T16:02:18 IST" name="am" finished-at="2024-05-02T16:02:18 IST" duration-ms="2" status="PASS">
          <reporter-output>
          </reporter-output>
        </test-method> <!-- am -->
        <test-method is-config="true" signature="closebrowser()[pri:0, instance:MockTestScript.TestCase009@2ddc9a9f]" started-at="2024-05-02T16:02:18 IST" name="closebrowser" finished-at="2024-05-02T16:02:18 IST" duration-ms="1" status="PASS">
          <reporter-output>
          </reporter-output>
        </test-method> <!-- closebrowser -->
      </class> <!-- MockTestScript.TestCase009 -->
    </test> <!-- Default test -->
  </suite> <!-- Default suite -->
</testng-results>
